<?xml version="1.0" encoding="UTF-8"?>
<!-- Generated by org.testng.reporters.JUnitReportReporter -->
<testsuite hostname="DESKTOP-FH74GP9" failures="0" tests="3" name="practice.Dataprovider1" time="0.040" errors="0" timestamp="2023-07-28T14:28:52 IST" skipped="0">
  <testcase classname="practice.Dataprovider1" name="getdata" time="0.006"/>
  <system-out/>
  <testcase classname="practice.Dataprovider1" name="getdata" time="0.004"/>
  <system-out/>
  <testcase classname="practice.Dataprovider1" name="getdata" time="0.030"/>
  <system-out/>
</testsuite> <!-- practice.Dataprovider1 -->
