<?xml version="1.0" encoding="UTF-8"?>
<!-- Generated by org.testng.reporters.JUnitReportReporter -->
<testsuite hostname="DESKTOP-FH74GP9" failures="0" tests="1" name="vtigertestScript.ClickorganistionTest" time="23.429" errors="0" timestamp="2023-08-01T22:18:32 IST" skipped="0">
  <testcase classname="vtigertestScript.ClickorganistionTest" name="click" time="23.429"/>
  <system-out/>
</testsuite> <!-- vtigertestScript.ClickorganistionTest -->
