<?xml version="1.0" encoding="UTF-8"?>
<!-- Generated by org.testng.reporters.JUnitReportReporter -->
<testsuite hostname="DESKTOP-FH74GP9" failures="0" tests="1" name="vtigertestScript.OrganisationpageTest" time="14.324" errors="0" timestamp="2023-08-01T22:21:18 IST" skipped="0">
  <testcase classname="vtigertestScript.OrganisationpageTest" name="addEnter" time="14.324"/>
  <system-out/>
</testsuite> <!-- vtigertestScript.OrganisationpageTest -->
