<?xml version="1.0" encoding="UTF-8"?>
<!-- Generated by org.testng.reporters.JUnitReportReporter -->
<testsuite hostname="DESKTOP-FH74GP9" failures="0" tests="3" name="practice.Dataprovider_practice" time="0.033" errors="0" timestamp="2023-07-28T14:21:47 IST" skipped="0">
  <testcase classname="practice.Dataprovider_practice" name="getdata" time="0.004"/>
  <system-out/>
  <testcase classname="practice.Dataprovider_practice" name="getdata" time="0.027"/>
  <system-out/>
  <testcase classname="practice.Dataprovider_practice" name="getdata" time="0.002"/>
  <system-out/>
</testsuite> <!-- practice.Dataprovider_practice -->
