<?xml version="1.0" encoding="UTF-8"?>
<!-- Generated by org.testng.reporters.JUnitReportReporter -->
<testsuite hostname="DESKTOP-FH74GP9" failures="0" tests="3" name="practice.Fetchdata_dp1" time="0.017" errors="0" timestamp="2023-07-28T14:49:08 IST" skipped="0">
  <testcase classname="practice.Fetchdata_dp1" name="getnames" time="0.002"/>
  <system-out/>
  <testcase classname="practice.Fetchdata_dp1" name="getnames" time="0.001"/>
  <system-out/>
  <testcase classname="practice.Fetchdata_dp1" name="getnames" time="0.014"/>
  <system-out/>
</testsuite> <!-- practice.Fetchdata_dp1 -->
