<?xml version="1.0" encoding="UTF-8"?>
<!-- Generated by org.testng.reporters.JUnitReportReporter -->
<testsuite hostname="DESKTOP-FH74GP9" failures="0" tests="1" name="com.crm.vtiger.contact.Test.VerifyusercreatecontactsTest" time="19.171" errors="0" timestamp="2023-08-02T15:09:43 IST" skipped="0">
  <testcase classname="com.crm.vtiger.contact.Test.VerifyusercreatecontactsTest" name="createcontact" time="19.171"/>
  <system-out/>
</testsuite> <!-- com.crm.vtiger.contact.Test.VerifyusercreatecontactsTest -->
