<?xml version="1.0" encoding="UTF-8"?>
<!-- Generated by org.testng.reporters.JUnitReportReporter -->
<testsuite hostname="DESKTOP-FH74GP9" failures="0" tests="1" name="vtigertestScript.ClickorgbuttnTest" time="18.937" errors="0" timestamp="2023-08-01T22:19:27 IST" skipped="0">
  <testcase classname="vtigertestScript.ClickorgbuttnTest" name="clickplus" time="18.937"/>
  <system-out/>
</testsuite> <!-- vtigertestScript.ClickorgbuttnTest -->
